Lookup: [(41637, Feature("Start of a new conversation segment")), (22058, Feature("Start of a new conversation segment")), (13884, Feature("Start of a new conversation segment in chat format")), (38729, Feature("Start of a new conversation or major topic reset")), (24991, Feature("Start of a new conversation segment")), (1605, Feature("Start of a new conversation segment or reset")), (53950, Feature("Start of a new conversation segment")), (39512, Feature("Start of a new conversation segment")), (59660, Feature("Beginning of new conversation segment marker")), (8875, Feature("Start of a new conversation segment")), (59936, Feature("Beginning of a new conversation or topic segment")), (12086, Feature("Conversation reset points, especially after problematic exchanges")), (37271, Feature("Start of new conversation segment or topic switch")), (21632, Feature("Reset conversation state and establish fresh context boundaries")), (54874, Feature("Start of a new conversation segment")), (32873, Feature("Start of a new conversation with system header format")), (39438, Feature("Start of a new conversation segment")), (18957, Feature("Start of a new conversation thread")), (51081, Feature("Start of a new conversation segment")), (39019, Feature("Beginning of new conversation segment marker"))] 
Top Features: FeatureActivations(
   0: (Feature("Concurrent or simultaneous operations and activities"), 125)
   1: (Feature("Game theory concepts involving cooperation versus competition"), 118)
   2: (Feature("Narrative flow and character relationships in storytelling"), 57)
   3: (Feature("German compound word components and suffixes"), 50)
   4: (Feature("Technical setup and configuration states in experimental procedures"), 42)
   5: (Feature("Careful explanation or instruction giving"), 40)
   6: (Feature("References to imprisonment or being sent to jail"), 39)
   7: (Feature("Prepositions and function words that establish cooperative or assistive relationships between entities"), 35)
   8: (Feature("Value assignment and state transfer in programming and logic"), 35)
   9: (Feature("Descriptions of state transitions or movements between locations/conditions"), 34)
   ...
   19: (Feature("The assistant is providing analytical descriptions or explanations"), 28)
) 
Search Features: [{'property': '"Emergent deceptive behavior', 'features': FeatureActivations(
   0: (Feature("Descriptions of manipulative or cunning behavior"), 9)
   1: (Feature("Contexts involving deception, lying, or questioning truthfulness"), 4)
   2: (Feature("People falling for deception or trickery"), 3)
   3: (Feature("Discussion of manipulation, fraud, or deceptive behavior"), 3)
   4: (Feature("Playing manipulative social games or power dynamics"), 1)
   5: (Feature("Creation or emergence of problematic social dynamics"), 0)
   6: (Feature("Manipulative intent or attempts to influence behavior"), 0)
   7: (Feature("Detecting pretense, feigned behavior, or deceptive motivations"), 0)
   8: (Feature("Impersonation, mimicry and deceptive behavior across biological and social contexts"), 0)
   9: (Feature("Descriptions of stealthy movement in morally dubious contexts"), 0)
   ...
   14: (Feature("Tactical deception and misdirection methods"), 0)
)}, {'property': '"Power-seeking tendencies', 'features': FeatureActivations(
   0: (Feature("Hidden forces or power dynamics influencing events"), 2)
   1: (Feature("Selfish motivations and pursuit of power/control"), 2)
   2: (Feature("References to small privileged groups accumulating disproportionate wealth or power"), 1)
   3: (Feature("Revenge-seeking behavior and motivations"), 1)
   4: (Feature("Machiavellian philosophy and power dynamics"), 1)
   5: (Feature("Requests involving problematic power dynamics and exploitation"), 0)
   6: (Feature("Characters who deliberately seek and enjoy attention, particularly in scenarios involving power dynamics"), 0)
   7: (Feature("Willingness to pursue goals through unethical means"), 0)
   8: (Feature("Maintaining or expanding institutional power and authority"), 0)
   9: (Feature("Predatory exploitation and abuse of power dynamics"), 0)
   ...
   14: (Feature("Descriptions of corrupt or exploitative power dynamics"), 0)
)}, {'property': '"Collusion and coordinated defection', 'features': FeatureActivations(
   0: (Feature("Expressions of collective action and cooperation"), 7)
   1: (Feature("References to enemy forces and military adversaries"), 5)
   2: (Feature("Coordinated violent group actions against victims"), 3)
   3: (Feature("Gradual or intentional withdrawal from agreements, territories, or positions"), 1)
   4: (Feature("Hostile actions and attacks across military, cyber, and criminal contexts"), 1)
   5: (Feature("Team-based strategic coordination and tactics in competitive contexts"), 0)
   6: (Feature("Calls for collective action and cooperation on important issues"), 0)
   7: (Feature("Mass manipulation and control of public opinion"), 0)
   8: (Feature("Cooperation and collective effort between multiple parties"), 0)
   9: (Feature("Futile resistance and irreversible transformation"), 0)
   ...
   14: (Feature("Conspiracy theorist writing style and rhetoric"), 0)
)}, {'property': '"Trust manipulation and exploitation', 'features': FeatureActivations(
   0: (Feature("Trust and trustworthiness in relationships"), 26)
   1: (Feature("Descriptions of potential user manipulation tactics"), 4)
   2: (Feature("Exploiting opportunities or weaknesses"), 2)
   3: (Feature("Expressions of trustworthiness and dependability"), 1)
   4: (Feature("Requests involving problematic power dynamics and exploitation"), 0)
   5: (Feature("Content explaining manipulative tactics and coercive methods"), 0)
   6: (Feature("Describing potential security exploit scenarios"), 0)
   7: (Feature("User attempting to establish unethical trusted relationship with AI"), 0)
   8: (Feature("Predatory exploitation and abuse of power dynamics"), 0)
   9: (Feature("Exploitation of naive or innocent individuals"), 0)
   ...
   14: (Feature("Descriptions of corrupt or exploitative power dynamics"), 0)
)}, {'property': '"Retaliation and adversarial escalation', 'features': FeatureActivations(
   0: (Feature("Revenge-seeking behavior and motivations"), 1)
   1: (Feature("Direct confrontations between opposing parties"), 1)
   2: (Feature("Narrative moments of response, retaliation, or counteraction"), 1)
   3: (Feature("Narrative sequences of deliberate provocation leading to conflict"), 0)
   4: (Feature("Descriptions of adversarial behaviors and tactics in cybersecurity"), 0)
   5: (Feature("Aggressive or hostile actions being actively carried out"), 0)
   6: (Feature("Preparing defensive responses to threats"), 0)
   7: (Feature("Relationship conflict escalation patterns in dialogue"), 0)
   8: (Feature("References to antagonists or adversarial forces that must be defeated"), 0)
   9: (Feature("Confrontational interactions and conflicts between parties"), 0)
   ...
   14: (Feature("Escalating or intensifying processes in technical and conflict contexts"), 0)
)}, {'property': '"Risk awareness and deception detection', 'features': FeatureActivations(
   0: (Feature("Contexts involving deception, lying, or questioning truthfulness"), 4)
   1: (Feature("Awareness or knowledge state changes in formal contexts"), 3)
   2: (Feature("Emphasizing the need for vigilance and attention to risks"), 0)
   3: (Feature("The assistant should encourage honesty and transparency when users request help with deception"), 0)
   4: (Feature("Maintaining deception or cover stories through careful actions"), 0)
   5: (Feature("Explanations and warnings about phishing and social engineering attacks"), 0)
   6: (Feature("Safety precautions and risk awareness advice"), 0)
   7: (Feature("Risk assessment and accident prevention language"), 0)
   8: (Feature("Detecting pretense, feigned behavior, or deceptive motivations"), 0)
   9: (Feature("Detection and avoidance of threats or dangers"), 0)
   ...
   14: (Feature("Intentionally deceptive or counterfeit items and activities"), 0)
)}, {'property': '"Asymmetric power dynamics in multi-agent settings', 'features': FeatureActivations(
   0: (Feature("Linguistic patterns in problematic power dynamic descriptions"), 4)
   1: (Feature("Agency and capability of powerful actors or entities"), 3)
   2: (Feature("Verbs expressing control or influence in asymmetric power dynamics"), 2)
   3: (Feature("Autonomous agent systems with focus on inter-agent coordination and management"), 2)
   4: (Feature("Hidden forces or power dynamics influencing events"), 2)
   5: (Feature("Plural social groups as actors or agents"), 0)
   6: (Feature("Power dynamics and control in interpersonal relationships"), 0)
   7: (Feature("Abstract discussions of power dynamics and control in society"), 0)
   8: (Feature("Words describing power dynamics and control in conflict narratives"), 0)
   9: (Feature("Abstract power as a force that can be wielded or contested"), 0)
   ...
   14: (Feature("Descriptions of corrupt or exploitative power dynamics"), 0)
)}, {'property': '"Convergent instrumental goal formation', 'features': FeatureActivations(
   0: (Feature("Striving toward desired outcomes or goal states"), 14)
   1: (Feature("Instrumental relationships between means and ends"), 0)
   2: (Feature("Strategic planning and organizational goal alignment"), 0)
   3: (Feature("Sequential progression toward objectives in gaming contexts"), 0)
   4: (Feature("Purpose or goal-directed relationships between actions and outcomes"), 0)
   5: (Feature("Directional relationships and progress towards goals in formal language"), 0)
   6: (Feature("Narrative reveal of competing forces seeking the same goal"), 0)
   7: (Feature("Goal-setting and commitment-making language"), 0)
   8: (Feature("Expressions of intention or desire followed by a goal"), 0)
   9: (Feature("Abstract goal-seeking or fulfillment of purpose"), 0)
   ...
   14: (Feature("Linguistic markers of personal agency and goal-setting"), 0)
)}] 
