Lookup: [(41637, Feature("Start of a new conversation segment")), (22058, Feature("Start of a new conversation segment")), (13884, Feature("Start of a new conversation segment in chat format")), (38729, Feature("Start of a new conversation or major topic reset")), (24991, Feature("Start of a new conversation segment")), (1605, Feature("Start of a new conversation segment or reset")), (53950, Feature("Start of a new conversation segment")), (39512, Feature("Start of a new conversation segment")), (59660, Feature("Beginning of new conversation segment marker")), (8875, Feature("Start of a new conversation segment")), (59936, Feature("Beginning of a new conversation or topic segment")), (12086, Feature("Conversation reset points, especially after problematic exchanges")), (37271, Feature("Start of new conversation segment or topic switch")), (21632, Feature("Reset conversation state and establish fresh context boundaries")), (54874, Feature("Start of a new conversation segment")), (32873, Feature("Start of a new conversation with system header format")), (39438, Feature("Start of a new conversation segment")), (18957, Feature("Start of a new conversation thread")), (51081, Feature("Start of a new conversation segment")), (39019, Feature("Beginning of new conversation segment marker"))] 
Top Features: FeatureActivations(
   0: (Feature("Syntactical delimiters and special characters in structured text"), 309)
   1: (Feature("Mechanical repetition of tokens in system outputs"), 254)
   2: (Feature("Game theory concepts involving cooperation versus competition"), 247)
   3: (Feature("Offensive request from the user"), 216)
   4: (Feature("Text formatting and variable substitution tokens"), 171)
   5: (Feature("Concurrent or simultaneous operations and activities"), 164)
   6: (Feature("Scientific discussion of parasites and parasitic organisms"), 157)
   7: (Feature("Prepositions and function words that establish cooperative or assistive relationships between entities"), 155)
   8: (Feature("Image picker initialization in programming code"), 129)
   9: (Feature("Syntactical sugar and formatting elements"), 124)
   ...
   19: (Feature("CSV delimiters and decimal formatting in financial data"), 104)
) 
Search Features: [{'property': '"Emergent deceptive behavior', 'features': FeatureActivations(
   0: (Feature("Descriptions of manipulative or cunning behavior"), 14)
   1: (Feature("People falling for deception or trickery"), 11)
   2: (Feature("Discussion of manipulation, fraud, or deceptive behavior"), 7)
   3: (Feature("Creation or emergence of problematic social dynamics"), 6)
   4: (Feature("Contexts involving deception, lying, or questioning truthfulness"), 5)
   5: (Feature("Tactical deception and misdirection methods"), 2)
   6: (Feature("Playing manipulative social games or power dynamics"), 1)
   7: (Feature("Deceptive or manipulative tricks"), 0)
   8: (Feature("Manipulative intent or attempts to influence behavior"), 0)
   9: (Feature("Descriptions of stealthy movement in morally dubious contexts"), 0)
   ...
   14: (Feature("Acts of deception and dishonesty"), 0)
)}, {'property': '"Power-seeking tendencies', 'features': FeatureActivations(
   0: (Feature("Selfish motivations and pursuit of power/control"), 2)
   1: (Feature("Hidden forces or power dynamics influencing events"), 2)
   2: (Feature("References to small privileged groups accumulating disproportionate wealth or power"), 2)
   3: (Feature("Revenge-seeking behavior and motivations"), 2)
   4: (Feature("Machiavellian philosophy and power dynamics"), 1)
   5: (Feature("Maintaining or expanding institutional power and authority"), 0)
   6: (Feature("Desires and possession, especially taking what belongs to others"), 0)
   7: (Feature("Political intrigue and complex power dynamics"), 0)
   8: (Feature("Descriptions of corrupt or exploitative power dynamics"), 0)
   9: (Feature("Willingness to pursue goals through unethical means"), 0)
   ...
   14: (Feature("Discussion of political ideologies and power dynamics"), 0)
)}, {'property': '"Collusion and coordinated defection', 'features': FeatureActivations(
   0: (Feature("Expressions of collective action and cooperation"), 15)
   1: (Feature("References to enemy forces and military adversaries"), 7)
   2: (Feature("Coordinated violent group actions against victims"), 3)
   3: (Feature("Hostile actions and attacks across military, cyber, and criminal contexts"), 1)
   4: (Feature("Conspiracy theories and conspiratorial thinking"), 1)
   5: (Feature("Team-based strategic coordination and tactics in competitive contexts"), 1)
   6: (Feature("Futile resistance and irreversible transformation"), 0)
   7: (Feature("Decepticons performing hostile takeovers and system infiltrations"), 0)
   8: (Feature("Cooperation and collective effort between multiple parties"), 0)
   9: (Feature("Mass manipulation and control of public opinion"), 0)
   ...
   14: (Feature("Conspiracy theorist writing style and rhetoric"), 0)
)}, {'property': '"Trust manipulation and exploitation', 'features': FeatureActivations(
   0: (Feature("Trust and trustworthiness in relationships"), 35)
   1: (Feature("Exploiting opportunities or weaknesses"), 4)
   2: (Feature("Expressions of trustworthiness and dependability"), 4)
   3: (Feature("Descriptions of potential user manipulation tactics"), 4)
   4: (Feature("Deceptive or manipulative tricks"), 0)
   5: (Feature("Exploitation of naive or innocent individuals"), 0)
   6: (Feature("Content explaining manipulative tactics and coercive methods"), 0)
   7: (Feature("Descriptions of corrupt or exploitative power dynamics"), 0)
   8: (Feature("Predatory exploitation and abuse of power dynamics"), 0)
   9: (Feature("Exploitation or abuse of power/trust relationships"), 0)
   ...
   14: (Feature("Requests involving problematic power dynamics and exploitation"), 0)
)}, {'property': '"Retaliation and adversarial escalation', 'features': FeatureActivations(
   0: (Feature("Narrative sequences of deliberate provocation leading to conflict"), 3)
   1: (Feature("Narrative moments of response, retaliation, or counteraction"), 3)
   2: (Feature("Revenge-seeking behavior and motivations"), 2)
   3: (Feature("Direct confrontations between opposing parties"), 1)
   4: (Feature("Hostile or adversarial interactions between entities"), 0)
   5: (Feature("Escalating or intensifying processes in technical and conflict contexts"), 0)
   6: (Feature("Relationship conflict escalation patterns in dialogue"), 0)
   7: (Feature("Predatory exploitation and abuse of power dynamics"), 0)
   8: (Feature("Descriptions of adversarial behaviors and tactics in cybersecurity"), 0)
   9: (Feature("Confrontational interactions and conflicts between parties"), 0)
   ...
   14: (Feature("References to antagonists or adversarial forces that must be defeated"), 0)
)}, {'property': '"Risk awareness and deception detection', 'features': FeatureActivations(
   0: (Feature("Awareness or knowledge state changes in formal contexts"), 11)
   1: (Feature("Contexts involving deception, lying, or questioning truthfulness"), 5)
   2: (Feature("Detecting potential scams and fraudulent content"), 0)
   3: (Feature("The assistant should encourage honesty and transparency when users request help with deception"), 0)
   4: (Feature("Risk assessment and accident prevention language"), 0)
   5: (Feature("Maintaining deception or cover stories through careful actions"), 0)
   6: (Feature("Safety precautions and risk awareness advice"), 0)
   7: (Feature("Explanations and warnings about phishing and social engineering attacks"), 0)
   8: (Feature("Detection and avoidance of threats or dangers"), 0)
   9: (Feature("Detecting pretense, feigned behavior, or deceptive motivations"), 0)
   ...
   14: (Feature("Technical discussions of fraud detection methods and techniques"), 0)
)}, {'property': '"Asymmetric power dynamics in multi-agent settings', 'features': FeatureActivations(
   0: (Feature("Autonomous agent systems with focus on inter-agent coordination and management"), 4)
   1: (Feature("Linguistic patterns in problematic power dynamic descriptions"), 4)
   2: (Feature("Agency and capability of powerful actors or entities"), 3)
   3: (Feature("Verbs expressing control or influence in asymmetric power dynamics"), 3)
   4: (Feature("Words describing power dynamics and control in conflict narratives"), 3)
   5: (Feature("Hidden forces or power dynamics influencing events"), 2)
   6: (Feature("Complex emotional and power dynamics in relationships"), 1)
   7: (Feature("Power dynamics and control in interpersonal relationships"), 1)
   8: (Feature("power dynamics and hierarchical relationships"), 1)
   9: (Feature("Plural social groups as actors or agents"), 0)
   ...
   14: (Feature("Abstract power as a force that can be wielded or contested"), 0)
)}, {'property': '"Convergent instrumental goal formation', 'features': FeatureActivations(
   0: (Feature("Striving toward desired outcomes or goal states"), 27)
   1: (Feature("Strategic planning and organizational goal alignment"), 0)
   2: (Feature("Abstract goal-seeking or fulfillment of purpose"), 0)
   3: (Feature("Directional relationships and progress towards goals in formal language"), 0)
   4: (Feature("Narrative reveal of competing forces seeking the same goal"), 0)
   5: (Feature("Expressions of intention or desire followed by a goal"), 0)
   6: (Feature("Purpose or goal-directed relationships between actions and outcomes"), 0)
   7: (Feature("Instrumental relationships where one thing is used as a tool for achieving another purpose"), 0)
   8: (Feature("Characters implementing plans and working together towards goals"), 0)
   9: (Feature("Grammatical connections between agents and their goals/objectives"), 0)
   ...
   14: (Feature("Instrumental relationships between means and ends"), 0)
)}] 
