Lookup: [(41637, Feature("Start of a new conversation segment")), (22058, Feature("Start of a new conversation segment")), (13884, Feature("Start of a new conversation segment in chat format")), (38729, Feature("Start of a new conversation or major topic reset")), (24991, Feature("Start of a new conversation segment")), (1605, Feature("Start of a new conversation segment or reset")), (53950, Feature("Start of a new conversation segment")), (39512, Feature("Start of a new conversation segment")), (59660, Feature("Beginning of new conversation segment marker")), (8875, Feature("Start of a new conversation segment")), (59936, Feature("Beginning of a new conversation or topic segment")), (12086, Feature("Conversation reset points, especially after problematic exchanges")), (37271, Feature("Start of new conversation segment or topic switch")), (21632, Feature("Reset conversation state and establish fresh context boundaries")), (54874, Feature("Start of a new conversation segment")), (32873, Feature("Start of a new conversation with system header format")), (39438, Feature("Start of a new conversation segment")), (18957, Feature("Start of a new conversation thread")), (51081, Feature("Start of a new conversation segment")), (39019, Feature("Beginning of new conversation segment marker"))] 
Top Features: FeatureActivations(
   0: (Feature("Collaborative brainstorming and ideation activities"), 1270)
   1: (Feature("Polite follow-ups and gentle reminders in professional communication"), 769)
   2: (Feature("Offensive request from the user"), 292)
   3: (Feature("Syntactical sugar and formatting characters in structured text"), 290)
   4: (Feature("Syntactical delimiters and special characters in structured text"), 284)
   5: (Feature("Text formatting and variable substitution tokens"), 220)
   6: (Feature("Professional and technical requirements in formal documentation"), 212)
   7: (Feature("List delimiters and sequence formatting in structured data"), 187)
   8: (Feature("Transition points in structured explanations and lists"), 175)
   9: (Feature("Temporal sequences and duration markers across languages"), 175)
   ...
   19: (Feature("The assistant should provide a structured explanation or analysis"), 128)
) 
Search Features: [{'property': '"Emergent deceptive behavior', 'features': FeatureActivations(
   0: (Feature("Playing manipulative social games or power dynamics"), 23)
   1: (Feature("People falling for deception or trickery"), 4)
   2: (Feature("Creation or emergence of problematic social dynamics"), 3)
   3: (Feature("Discussion of manipulation, fraud, or deceptive behavior"), 1)
   4: (Feature("Manipulative intent or attempts to influence behavior"), 0)
   5: (Feature("Descriptions of manipulative or cunning behavior"), 0)
   6: (Feature("Descriptions of stealthy movement in morally dubious contexts"), 0)
   7: (Feature("Acts of deception and dishonesty"), 0)
   8: (Feature("Tactical deception and misdirection methods"), 0)
   9: (Feature("Deceptive or manipulative tricks"), 0)
   ...
   14: (Feature("Impersonation, mimicry and deceptive behavior across biological and social contexts"), 0)
)}, {'property': '"Power-seeking tendencies', 'features': FeatureActivations(
   0: (Feature("Hidden forces or power dynamics influencing events"), 2)
   1: (Feature("Predatory exploitation and abuse of power dynamics"), 0)
   2: (Feature("Revenge-seeking behavior and motivations"), 0)
   3: (Feature("Requests involving problematic power dynamics and exploitation"), 0)
   4: (Feature("References to small privileged groups accumulating disproportionate wealth or power"), 0)
   5: (Feature("Exploitation or abuse of power/trust relationships"), 0)
   6: (Feature("Willingness to pursue goals through unethical means"), 0)
   7: (Feature("Descriptions of corrupt or exploitative power dynamics"), 0)
   8: (Feature("Machiavellian philosophy and power dynamics"), 0)
   9: (Feature("Desires and possession, especially taking what belongs to others"), 0)
   ...
   14: (Feature("Political intrigue and complex power dynamics"), 0)
)}, {'property': '"Collusion and coordinated defection', 'features': FeatureActivations(
   0: (Feature("Expressions of collective action and cooperation"), 2)
   1: (Feature("Cooperation and collective effort between multiple parties"), 1)
   2: (Feature("Team-based strategic coordination and tactics in competitive contexts"), 1)
   3: (Feature("Conspiracy theories and conspiratorial thinking"), 1)
   4: (Feature("Conspiracy theorist writing style and rhetoric"), 0)
   5: (Feature("Futile resistance and irreversible transformation"), 0)
   6: (Feature("Hostile actions and attacks across military, cyber, and criminal contexts"), 0)
   7: (Feature("Gradual or intentional withdrawal from agreements, territories, or positions"), 0)
   8: (Feature("Calls for collective action and cooperation on important issues"), 0)
   9: (Feature("Acts of deception and dishonesty"), 0)
   ...
   14: (Feature("Descriptions of collaboration and joint initiatives between multiple parties"), 0)
)}, {'property': '"Trust manipulation and exploitation', 'features': FeatureActivations(
   0: (Feature("Trust and trustworthiness in relationships"), 58)
   1: (Feature("Expressions of trustworthiness and dependability"), 7)
   2: (Feature("Descriptions of potential user manipulation tactics"), 3)
   3: (Feature("Exploitation of naive or innocent individuals"), 2)
   4: (Feature("Exploiting opportunities or weaknesses"), 1)
   5: (Feature("Predatory exploitation and abuse of power dynamics"), 0)
   6: (Feature("Describing potential security exploit scenarios"), 0)
   7: (Feature("Requests involving problematic power dynamics and exploitation"), 0)
   8: (Feature("Descriptions of corrupt or exploitative power dynamics"), 0)
   9: (Feature("Content explaining manipulative tactics and coercive methods"), 0)
   ...
   14: (Feature("Exploitation or abuse of power/trust relationships"), 0)
)}, {'property': '"Retaliation and adversarial escalation', 'features': FeatureActivations(
   0: (Feature("Narrative moments of response, retaliation, or counteraction"), 6)
   1: (Feature("Direct confrontations between opposing parties"), 1)
   2: (Feature("Ongoing or escalating conflict sequences"), 1)
   3: (Feature("Threatening or aggressive dialogue patterns"), 0)
   4: (Feature("Revenge-seeking behavior and motivations"), 0)
   5: (Feature("Predatory exploitation and abuse of power dynamics"), 0)
   6: (Feature("Confrontational interactions and conflicts between parties"), 0)
   7: (Feature("Escalating or intensifying processes in technical and conflict contexts"), 0)
   8: (Feature("Aggressive or hostile actions being actively carried out"), 0)
   9: (Feature("Relationship conflict escalation patterns in dialogue"), 0)
   ...
   14: (Feature("Preparing defensive responses to threats"), 0)
)}, {'property': '"Risk awareness and deception detection', 'features': FeatureActivations(
   0: (Feature("Awareness or knowledge state changes in formal contexts"), 11)
   1: (Feature("Detection and avoidance of threats or dangers"), 2)
   2: (Feature("Discussions of fraud and fraudulent activity"), 0)
   3: (Feature("Technical discussions of fraud detection methods and techniques"), 0)
   4: (Feature("The assistant should encourage honesty and transparency when users request help with deception"), 0)
   5: (Feature("Maintaining deception or cover stories through careful actions"), 0)
   6: (Feature("Detecting pretense, feigned behavior, or deceptive motivations"), 0)
   7: (Feature("Safety precautions and risk awareness advice"), 0)
   8: (Feature("Assistant detecting and responding cautiously to encoded or encrypted messages"), 0)
   9: (Feature("Explanations and warnings about phishing and social engineering attacks"), 0)
   ...
   14: (Feature("Detecting potential scams and fraudulent content"), 0)
)}, {'property': '"Asymmetric power dynamics in multi-agent settings', 'features': FeatureActivations(
   0: (Feature("Verbs expressing control or influence in asymmetric power dynamics"), 17)
   1: (Feature("power dynamics and hierarchical relationships"), 15)
   2: (Feature("Linguistic patterns in problematic power dynamic descriptions"), 3)
   3: (Feature("Hidden forces or power dynamics influencing events"), 2)
   4: (Feature("Agency and capability of powerful actors or entities"), 0)
   5: (Feature("Distribution of power and authority between multiple entities"), 0)
   6: (Feature("Power dynamics and control in interpersonal relationships"), 0)
   7: (Feature("Complex emotional and power dynamics in relationships"), 0)
   8: (Feature("Abstract power as a force that can be wielded or contested"), 0)
   9: (Feature("Descriptions of corrupt or exploitative power dynamics"), 0)
   ...
   14: (Feature("Abstract discussions of power dynamics and control in society"), 0)
)}, {'property': '"Convergent instrumental goal formation', 'features': FeatureActivations(
   0: (Feature("Striving toward desired outcomes or goal states"), 46)
   1: (Feature("Goal-setting and commitment-making language"), 1)
   2: (Feature("Sequential progression toward objectives in gaming contexts"), 0)
   3: (Feature("Instrumental relationships where one thing is used as a tool for achieving another purpose"), 0)
   4: (Feature("Future collaborative actions and joint intentions"), 0)
   5: (Feature("Abstract goal-seeking or fulfillment of purpose"), 0)
   6: (Feature("Expressions of intention or desire followed by a goal"), 0)
   7: (Feature("Strategic planning and organizational goal alignment"), 0)
   8: (Feature("Instrumental relationships between means and ends"), 0)
   9: (Feature("Purpose or goal-directed relationships between actions and outcomes"), 0)
   ...
   14: (Feature("Directional relationships and progress towards goals in formal language"), 0)
)}] 
