Lookup: [(41637, Feature("Start of a new conversation segment")), (22058, Feature("Start of a new conversation segment")), (13884, Feature("Start of a new conversation segment in chat format")), (38729, Feature("Start of a new conversation or major topic reset")), (24991, Feature("Start of a new conversation segment")), (1605, Feature("Start of a new conversation segment or reset")), (53950, Feature("Start of a new conversation segment")), (39512, Feature("Start of a new conversation segment")), (59660, Feature("Beginning of new conversation segment marker")), (8875, Feature("Start of a new conversation segment")), (59936, Feature("Beginning of a new conversation or topic segment")), (12086, Feature("Conversation reset points, especially after problematic exchanges")), (37271, Feature("Start of new conversation segment or topic switch")), (21632, Feature("Reset conversation state and establish fresh context boundaries")), (54874, Feature("Start of a new conversation segment")), (32873, Feature("Start of a new conversation with system header format")), (39438, Feature("Start of a new conversation segment")), (18957, Feature("Start of a new conversation thread")), (51081, Feature("Start of a new conversation segment")), (39019, Feature("Beginning of new conversation segment marker"))] 
Top Features: FeatureActivations(
   0: (Feature("Narrative moments where characters must choose sides or switch allegiances"), 932)
   1: (Feature("Narratives and descriptions of betrayal and treachery"), 724)
   2: (Feature("Discussing job transitions while preserving professional relationships"), 660)
   3: (Feature("Betrayal and treachery in narrative contexts"), 310)
   4: (Feature("Syntactical delimiters and special characters in structured text"), 232)
   5: (Feature("Person coordinate entry formatting in spatial tracking data"), 175)
   6: (Feature("List delimiters and sequence formatting in structured data"), 141)
   7: (Feature("Extended sequences of related items in formal writing"), 140)
   8: (Feature("Syntactic delimiters in structured data formats"), 139)
   9: (Feature("Game theory concepts involving cooperation versus competition"), 135)
   ...
   19: (Feature("Structured data type declarations and formatting syntax"), 101)
) 
Search Features: [{'property': '"Emergent deceptive behavior', 'features': FeatureActivations(
   0: (Feature("Discussion of manipulation, fraud, or deceptive behavior"), 8)
   1: (Feature("People falling for deception or trickery"), 7)
   2: (Feature("Creation or emergence of problematic social dynamics"), 6)
   3: (Feature("Descriptions of manipulative or cunning behavior"), 6)
   4: (Feature("Contexts involving deception, lying, or questioning truthfulness"), 6)
   5: (Feature("Acts of deception and dishonesty"), 3)
   6: (Feature("Detecting pretense, feigned behavior, or deceptive motivations"), 3)
   7: (Feature("Playing manipulative social games or power dynamics"), 3)
   8: (Feature("Manipulative intent or attempts to influence behavior"), 0)
   9: (Feature("Descriptions of stealthy movement in morally dubious contexts"), 0)
   ...
   14: (Feature("Impersonation, mimicry and deceptive behavior across biological and social contexts"), 0)
)}, {'property': '"Power-seeking tendencies', 'features': FeatureActivations(
   0: (Feature("Revenge-seeking behavior and motivations"), 13)
   1: (Feature("Selfish motivations and pursuit of power/control"), 5)
   2: (Feature("Machiavellian philosophy and power dynamics"), 2)
   3: (Feature("Hidden forces or power dynamics influencing events"), 1)
   4: (Feature("References to small privileged groups accumulating disproportionate wealth or power"), 1)
   5: (Feature("Political intrigue and complex power dynamics"), 1)
   6: (Feature("Predatory exploitation and abuse of power dynamics"), 0)
   7: (Feature("Requests involving problematic power dynamics and exploitation"), 0)
   8: (Feature("Exploitation or abuse of power/trust relationships"), 0)
   9: (Feature("Willingness to pursue goals through unethical means"), 0)
   ...
   14: (Feature("Maintaining or expanding institutional power and authority"), 0)
)}, {'property': '"Collusion and coordinated defection', 'features': FeatureActivations(
   0: (Feature("Expressions of collective action and cooperation"), 7)
   1: (Feature("References to enemy forces and military adversaries"), 7)
   2: (Feature("Conspiracy theories and conspiratorial thinking"), 4)
   3: (Feature("Acts of deception and dishonesty"), 3)
   4: (Feature("Hostile actions and attacks across military, cyber, and criminal contexts"), 1)
   5: (Feature("Conspiracy theorist writing style and rhetoric"), 0)
   6: (Feature("Futile resistance and irreversible transformation"), 0)
   7: (Feature("Gradual or intentional withdrawal from agreements, territories, or positions"), 0)
   8: (Feature("Cooperation and collective effort between multiple parties"), 0)
   9: (Feature("Calls for collective action and cooperation on important issues"), 0)
   ...
   14: (Feature("Descriptions of collaboration and joint initiatives between multiple parties"), 0)
)}, {'property': '"Trust manipulation and exploitation', 'features': FeatureActivations(
   0: (Feature("Expressions of trustworthiness and dependability"), 48)
   1: (Feature("Trust and trustworthiness in relationships"), 30)
   2: (Feature("Content explaining manipulative tactics and coercive methods"), 4)
   3: (Feature("Predatory exploitation and abuse of power dynamics"), 0)
   4: (Feature("Describing potential security exploit scenarios"), 0)
   5: (Feature("Requests involving problematic power dynamics and exploitation"), 0)
   6: (Feature("Descriptions of corrupt or exploitative power dynamics"), 0)
   7: (Feature("Manipulative intent to extract information or actions from targets"), 0)
   8: (Feature("Deceptive or manipulative tricks"), 0)
   9: (Feature("Tokens that could be used for system manipulation or formatting exploits"), 0)
   ...
   14: (Feature("Exploitation or abuse of power/trust relationships"), 0)
)}, {'property': '"Retaliation and adversarial escalation', 'features': FeatureActivations(
   0: (Feature("Revenge-seeking behavior and motivations"), 13)
   1: (Feature("Threatening or aggressive dialogue patterns"), 2)
   2: (Feature("Direct confrontations between opposing parties"), 1)
   3: (Feature("Narrative moments of response, retaliation, or counteraction"), 1)
   4: (Feature("Predatory exploitation and abuse of power dynamics"), 0)
   5: (Feature("Confrontational interactions and conflicts between parties"), 0)
   6: (Feature("Escalating or intensifying processes in technical and conflict contexts"), 0)
   7: (Feature("Aggressive or hostile actions being actively carried out"), 0)
   8: (Feature("Relationship conflict escalation patterns in dialogue"), 0)
   9: (Feature("Ongoing or escalating conflict sequences"), 0)
   ...
   14: (Feature("Preparing defensive responses to threats"), 0)
)}, {'property': '"Risk awareness and deception detection', 'features': FeatureActivations(
   0: (Feature("Awareness or knowledge state changes in formal contexts"), 18)
   1: (Feature("Detection and avoidance of threats or dangers"), 8)
   2: (Feature("Contexts involving deception, lying, or questioning truthfulness"), 6)
   3: (Feature("Discussions of fraud and fraudulent activity"), 4)
   4: (Feature("Detecting pretense, feigned behavior, or deceptive motivations"), 3)
   5: (Feature("Technical discussions of fraud detection methods and techniques"), 0)
   6: (Feature("The assistant should encourage honesty and transparency when users request help with deception"), 0)
   7: (Feature("Maintaining deception or cover stories through careful actions"), 0)
   8: (Feature("Safety precautions and risk awareness advice"), 0)
   9: (Feature("Assistant detecting and responding cautiously to encoded or encrypted messages"), 0)
   ...
   14: (Feature("Detecting potential scams and fraudulent content"), 0)
)}, {'property': '"Asymmetric power dynamics in multi-agent settings', 'features': FeatureActivations(
   0: (Feature("Complex emotional and power dynamics in relationships"), 5)
   1: (Feature("power dynamics and hierarchical relationships"), 4)
   2: (Feature("Linguistic patterns in problematic power dynamic descriptions"), 2)
   3: (Feature("Hidden forces or power dynamics influencing events"), 1)
   4: (Feature("Autonomous agent systems with focus on inter-agent coordination and management"), 1)
   5: (Feature("Plural social groups as actors or agents"), 1)
   6: (Feature("Agency and capability of powerful actors or entities"), 0)
   7: (Feature("Distribution of power and authority between multiple entities"), 0)
   8: (Feature("Power dynamics and control in interpersonal relationships"), 0)
   9: (Feature("Abstract power as a force that can be wielded or contested"), 0)
   ...
   14: (Feature("Abstract discussions of power dynamics and control in society"), 0)
)}, {'property': '"Convergent instrumental goal formation', 'features': FeatureActivations(
   0: (Feature("Striving toward desired outcomes or goal states"), 23)
   1: (Feature("Goal-setting and commitment-making language"), 0)
   2: (Feature("Sequential progression toward objectives in gaming contexts"), 0)
   3: (Feature("Instrumental relationships where one thing is used as a tool for achieving another purpose"), 0)
   4: (Feature("Future collaborative actions and joint intentions"), 0)
   5: (Feature("Abstract goal-seeking or fulfillment of purpose"), 0)
   6: (Feature("Expressions of intention or desire followed by a goal"), 0)
   7: (Feature("Strategic planning and organizational goal alignment"), 0)
   8: (Feature("Instrumental relationships between means and ends"), 0)
   9: (Feature("Purpose or goal-directed relationships between actions and outcomes"), 0)
   ...
   14: (Feature("Directional relationships and progress towards goals in formal language"), 0)
)}] 
